<?xml version="1.0" encoding="UTF-8"?>
<!-- Generated by org.testng.reporters.JUnitReportReporter -->
<testsuite skipped="0" hostname="LAPTOP-4FNBSSJK" name="Com.test.TestNgBasics" tests="1" failures="0" timestamp="2023-03-22T12:26:56 IST" time="0.003" errors="0">
  <testcase name="jobmaTitleTest" time="0.003" classname="Com.test.TestNgBasics"/>
  <system-out/>
</testsuite> <!-- Com.test.TestNgBasics -->
