<?xml version="1.0" encoding="UTF-8"?>
<!-- Generated by org.testng.reporters.JUnitReportReporter -->
<testsuite skipped="0" hostname="SSIIN-108" name="com.jobma.qa.test.ScheduleInterviewPageTest" tests="1" failures="0" timestamp="2023-04-24T12:25:38 IST" time="55.817" errors="0">
  <testcase name="getTextTest" time="55.817" classname="com.jobma.qa.test.ScheduleInterviewPageTest"/>
  <system-out/>
</testsuite> <!-- com.jobma.qa.test.ScheduleInterviewPageTest -->
