<?xml version="1.0" encoding="UTF-8"?>
<!-- Generated by org.testng.reporters.JUnitReportReporter -->
<testsuite skipped="0" hostname="SSIIN-108" name="com.jobma.qa.test.EvaluatePageTest" tests="1" failures="0" timestamp="2023-05-02T18:45:17 IST" time="43.397" errors="0">
  <testcase name="bulkShareTest" time="43.397" classname="com.jobma.qa.test.EvaluatePageTest"/>
  <system-out/>
</testsuite> <!-- com.jobma.qa.test.EvaluatePageTest -->
