<?xml version="1.0" encoding="UTF-8"?>
<!-- Generated by org.testng.reporters.JUnitReportReporter -->
<testsuite skipped="0" hostname="SSIIN-108" name="com.jobma.qa.test.SubAccountTest" tests="9" failures="0" timestamp="2023-06-08T18:17:51 IST" time="248.266" errors="0">
  <testcase name="verifySubAccountPageTest" time="0.051" classname="com.jobma.qa.test.SubAccountTest"/>
  <system-out/>
  <testcase name="addSubUserTest" time="20.015" classname="com.jobma.qa.test.SubAccountTest"/>
  <system-out/>
  <testcase name="permissionBtnTest" time="1.334" classname="com.jobma.qa.test.SubAccountTest"/>
  <system-out/>
  <testcase name="permissionDeniedEvaluateCandidateTest" time="16.621" classname="com.jobma.qa.test.SubAccountTest"/>
  <system-out/>
  <testcase name="manageSubaccountPermissionDeniedTest" time="18.310" classname="com.jobma.qa.test.SubAccountTest"/>
  <system-out/>
  <testcase name="inviteCandidatePermissionDeniedTest" time="119.481" classname="com.jobma.qa.test.SubAccountTest"/>
  <system-out/>
  <testcase name="integrationPermissionDeniedTest" time="14.430" classname="com.jobma.qa.test.SubAccountTest"/>
  <system-out/>
  <testcase name="interviewListingPermissionDeniedTest" time="50.154" classname="com.jobma.qa.test.SubAccountTest"/>
  <system-out/>
  <testcase name="companyProfilePermissionDeniedTest" time="7.870" classname="com.jobma.qa.test.SubAccountTest"/>
  <system-out/>
</testsuite> <!-- com.jobma.qa.test.SubAccountTest -->
