<?xml version="1.0" encoding="UTF-8"?>
<!-- Generated by org.testng.reporters.JUnitReportReporter -->
<testsuite skipped="0" hostname="SSIIN-108" name="com.jobma.qa.test.JobmaDashboardTest" tests="1" failures="0" timestamp="2023-04-27T17:51:18 IST" time="24.356" errors="0">
  <testcase name="clickOnEvaluateMOduleTest" time="24.356" classname="com.jobma.qa.test.JobmaDashboardTest"/>
  <system-out/>
</testsuite> <!-- com.jobma.qa.test.JobmaDashboardTest -->
