<?xml version="1.0" encoding="UTF-8"?>
<!-- Generated by org.testng.reporters.JUnitReportReporter -->
<testsuite skipped="0" hostname="SSIIN-108" name="com.jobma.qa.test.QuestionLibraryTest" tests="4" failures="0" timestamp="2023-04-19T11:43:21 IST" time="196.646" errors="0">
  <testcase name="clickOnSelectTypeddTest" time="50.442" classname="com.jobma.qa.test.QuestionLibraryTest"/>
  <system-out/>
  <testcase name="clickOnBackBtnTest" time="44.915" classname="com.jobma.qa.test.QuestionLibraryTest"/>
  <system-out/>
  <testcase name="searchBoxTest" time="45.265" classname="com.jobma.qa.test.QuestionLibraryTest"/>
  <system-out/>
  <testcase name="clickOnDataListTest" time="56.024" classname="com.jobma.qa.test.QuestionLibraryTest"/>
  <system-out/>
</testsuite> <!-- com.jobma.qa.test.QuestionLibraryTest -->
